13.08.2019 14:30:47 SYSTEM START
13.08.2019 14:30:48 A: START STARTED
13.08.2019 14:30:49 B: START STARTED
13.08.2019 14:30:49 C: START STARTED
13.08.2019 14:30:49 D: START STARTED
13.08.2019 14:30:50 E: START STARTED
13.08.2019 14:30:50 F: START STARTED
13.08.2019 14:30:51 G: START STARTED
13.08.2019 14:30:52 H: START STARTED
13.08.2019 14:30:53 I: START STARTED
13.08.2019 14:30:53 J: START STARTED
13.08.2019 14:30:53 K: START STARTED
13.08.2019 14:30:54 L: START STARTED
13.08.2019 14:30:55 G: START COMPLETE
13.08.2019 14:30:55 M: START STARTED
13.08.2019 14:30:55 N: START STARTED
13.08.2019 14:30:56 O: START STARTED
13.08.2019 14:30:56 P: START STARTED
13.08.2019 14:30:56 Q: START STARTED
13.08.2019 14:30:57 R: START STARTED
13.08.2019 14:30:58 S: START STARTED
13.08.2019 14:30:59 T: START STARTED
13.08.2019 14:30:59 U: START STARTED
13.08.2019 14:31:00 V: START STARTED
13.08.2019 14:31:01 W: START STARTED
13.08.2019 14:31:02 X: START STARTED
13.08.2019 14:31:03 Y: START STARTED
13.08.2019 14:31:04 Z: START STARTED
13.08.2019 14:31:10 E: START COMPLETE
13.08.2019 14:31:10 V: START COMPLETE
13.08.2019 14:31:11 K: START COMPLETE
13.08.2019 14:31:11 L: START COMPLETE
13.08.2019 14:31:11 U: START COMPLETE
13.08.2019 14:31:12 D: START COMPLETE
13.08.2019 14:31:19 H: START COMPLETE
13.08.2019 14:31:21 I: START COMPLETE
13.08.2019 14:31:23 B: START COMPLETE
13.08.2019 14:31:29 Z: START COMPLETE
13.08.2019 14:31:31 Q: START COMPLETE
13.08.2019 14:31:32 N: START COMPLETE
13.08.2019 14:31:33 W: START COMPLETE
13.08.2019 14:31:35 S: START COMPLETE
13.08.2019 14:31:35 Y: START COMPLETE
13.08.2019 14:31:38 A: START COMPLETE
13.08.2019 14:31:40 M: START COMPLETE
13.08.2019 14:31:42 P: START COMPLETE
13.08.2019 14:31:44 R: START COMPLETE
13.08.2019 14:31:49 C: START COMPLETE
13.08.2019 14:31:50 F: START COMPLETE
13.08.2019 14:31:52 T: START COMPLETE
13.08.2019 14:31:53 J: START COMPLETE
13.08.2019 14:31:54 X: START COMPLETE
13.08.2019 14:31:55 O: START COMPLETE
13.08.2019 15:18:29 A: STOP STARTED
13.08.2019 15:18:30 B: STOP STARTED
13.08.2019 15:18:31 C: STOP STARTED
13.08.2019 15:18:31 D: STOP STARTED
13.08.2019 15:18:32 E: STOP STARTED
13.08.2019 15:18:33 F: STOP STARTED
13.08.2019 15:18:34 G: STOP STARTED
13.08.2019 15:18:34 H: STOP STARTED
13.08.2019 15:18:34 I: STOP STARTED
13.08.2019 15:18:35 A: STOP COMPLETE
13.08.2019 15:18:35 J: STOP STARTED
13.08.2019 15:18:35 K: STOP STARTED
13.08.2019 15:18:36 L: STOP STARTED
13.08.2019 15:18:37 M: STOP STARTED
13.08.2019 15:18:38 N: STOP STARTED
13.08.2019 15:18:39 O: STOP STARTED
13.08.2019 15:18:39 P: STOP STARTED
13.08.2019 15:18:40 Q: STOP STARTED
13.08.2019 15:18:41 R: STOP STARTED
13.08.2019 15:18:41 S: STOP STARTED
13.08.2019 15:18:41 T: STOP STARTED
13.08.2019 15:18:41 U: STOP STARTED
13.08.2019 15:18:42 V: STOP STARTED
13.08.2019 15:18:42 W: STOP STARTED
13.08.2019 15:18:43 P: STOP COMPLETE
13.08.2019 15:18:43 X: STOP STARTED
13.08.2019 15:18:43 Y: STOP STARTED
13.08.2019 15:18:43 Z: STOP STARTED
13.08.2019 15:18:50 B: STOP COMPLETE
13.08.2019 15:18:51 H: STOP COMPLETE
13.08.2019 15:18:52 C: STOP COMPLETE
13.08.2019 15:18:53 K: STOP COMPLETE
13.08.2019 15:19:00 O: STOP COMPLETE
13.08.2019 15:19:00 Q: STOP COMPLETE
13.08.2019 15:19:00 T: STOP COMPLETE
13.08.2019 15:19:01 N: STOP COMPLETE
13.08.2019 15:19:02 J: STOP COMPLETE
13.08.2019 15:19:03 L: STOP COMPLETE
13.08.2019 15:19:04 X: STOP COMPLETE
13.08.2019 15:19:07 E: STOP COMPLETE
13.08.2019 15:19:08 Y: STOP COMPLETE
13.08.2019 15:19:08 Z: STOP COMPLETE
13.08.2019 15:19:10 G: STOP COMPLETE
13.08.2019 15:19:13 W: STOP COMPLETE
13.08.2019 15:19:14 S: STOP COMPLETE
13.08.2019 15:19:16 U: STOP COMPLETE
13.08.2019 15:19:18 F: STOP COMPLETE
13.08.2019 15:19:18 M: STOP COMPLETE
13.08.2019 15:19:22 D: STOP COMPLETE
13.08.2019 15:19:28 I: STOP COMPLETE
13.08.2019 15:19:28 V: STOP COMPLETE
13.08.2019 15:19:30 R: STOP COMPLETE
13.08.2019 15:24:47 SYSTEM START
13.08.2019 15:24:48 A: START STARTED
13.08.2019 15:24:48 B: START STARTED
13.08.2019 15:24:49 C: START STARTED
13.08.2019 15:24:50 B: START COMPLETE
13.08.2019 15:24:50 D: START STARTED
13.08.2019 15:24:51 E: START STARTED
13.08.2019 15:24:52 F: START STARTED
13.08.2019 15:24:53 G: START STARTED
13.08.2019 15:24:54 H: START STARTED
13.08.2019 15:24:55 F: START COMPLETE
13.08.2019 15:24:55 I: START STARTED
13.08.2019 15:24:55 J: START STARTED
13.08.2019 15:24:55 K: START STARTED
13.08.2019 15:24:56 L: START STARTED
13.08.2019 15:24:57 M: START STARTED
13.08.2019 15:24:57 N: START STARTED
13.08.2019 15:24:58 O: START STARTED
13.08.2019 15:24:58 P: START STARTED
13.08.2019 15:24:58 Q: START STARTED
13.08.2019 15:24:59 R: START STARTED
13.08.2019 15:24:59 S: START STARTED
13.08.2019 15:25:00 T: START STARTED
13.08.2019 15:25:00 U: START STARTED
13.08.2019 15:25:00 V: START STARTED
13.08.2019 15:25:00 W: START STARTED
13.08.2019 15:25:01 X: START STARTED
13.08.2019 15:25:02 Y: START STARTED
13.08.2019 15:25:02 Z: START STARTED
13.08.2019 15:25:03 Q: START COMPLETE
13.08.2019 15:25:04 I: START COMPLETE
13.08.2019 15:25:07 V: START COMPLETE
13.08.2019 15:25:13 M: START COMPLETE
13.08.2019 15:25:15 N: START COMPLETE
13.08.2019 15:25:16 Y: START COMPLETE
13.08.2019 15:25:17 A: START COMPLETE
13.08.2019 15:25:17 C: START COMPLETE
13.08.2019 15:25:17 E: START COMPLETE
13.08.2019 15:25:20 Z: START COMPLETE
13.08.2019 15:25:24 J: START COMPLETE
13.08.2019 15:25:25 H: START COMPLETE
13.08.2019 15:25:26 K: START COMPLETE
13.08.2019 15:25:30 W: START COMPLETE
13.08.2019 15:25:34 G: START COMPLETE
13.08.2019 15:25:37 L: START COMPLETE
13.08.2019 15:25:38 U: START COMPLETE
13.08.2019 15:25:39 D: START COMPLETE
13.08.2019 15:25:41 T: START COMPLETE
13.08.2019 15:25:42 X: START COMPLETE
13.08.2019 15:25:45 P: START COMPLETE
13.08.2019 15:25:46 O: START COMPLETE
13.08.2019 15:25:48 R: START COMPLETE
13.08.2019 15:25:53 S: START COMPLETE
13.08.2019 18:12:11 A: STOP STARTED
13.08.2019 18:12:12 B: STOP STARTED
13.08.2019 18:12:13 C: STOP STARTED
13.08.2019 18:12:13 D: STOP STARTED
13.08.2019 18:12:14 E: STOP STARTED
13.08.2019 18:12:14 F: STOP STARTED
13.08.2019 18:12:15 G: STOP STARTED
13.08.2019 18:12:16 H: STOP STARTED
13.08.2019 18:12:17 I: STOP STARTED
13.08.2019 18:12:18 J: STOP STARTED
13.08.2019 18:12:19 K: STOP STARTED
13.08.2019 18:12:19 L: STOP STARTED
13.08.2019 18:12:20 I: STOP COMPLETE
13.08.2019 18:12:20 M: STOP STARTED
13.08.2019 18:12:21 N: STOP STARTED
13.08.2019 18:12:22 O: STOP STARTED
13.08.2019 18:12:23 P: STOP STARTED
13.08.2019 18:12:23 Q: STOP STARTED
13.08.2019 18:12:23 R: STOP STARTED
13.08.2019 18:12:24 S: STOP STARTED
13.08.2019 18:12:25 T: STOP STARTED
13.08.2019 18:12:25 U: STOP STARTED
13.08.2019 18:12:26 J: STOP COMPLETE
13.08.2019 18:12:26 V: STOP STARTED
13.08.2019 18:12:26 W: STOP STARTED
13.08.2019 18:12:26 X: STOP STARTED
13.08.2019 18:12:27 Y: STOP STARTED
13.08.2019 18:12:28 Z: STOP STARTED
13.08.2019 18:12:30 U: STOP COMPLETE
13.08.2019 18:12:32 T: STOP COMPLETE
13.08.2019 18:12:33 R: STOP COMPLETE
13.08.2019 18:12:34 A: STOP COMPLETE
13.08.2019 18:12:36 D: STOP COMPLETE
13.08.2019 18:12:39 B: STOP COMPLETE
13.08.2019 18:12:39 O: STOP COMPLETE
13.08.2019 18:12:44 Z: STOP COMPLETE
13.08.2019 18:12:45 V: STOP COMPLETE
13.08.2019 18:12:47 H: STOP COMPLETE
13.08.2019 18:12:48 C: STOP COMPLETE
13.08.2019 18:12:52 L: STOP COMPLETE
13.08.2019 18:12:56 F: STOP COMPLETE
13.08.2019 18:12:57 G: STOP COMPLETE
13.08.2019 18:12:58 S: STOP COMPLETE
13.08.2019 18:12:59 P: STOP COMPLETE
13.08.2019 18:13:03 N: STOP COMPLETE
13.08.2019 18:13:04 M: STOP COMPLETE
13.08.2019 18:13:09 Y: STOP COMPLETE
13.08.2019 18:13:11 X: STOP COMPLETE
13.08.2019 18:13:12 Q: STOP COMPLETE
13.08.2019 18:13:13 E: STOP COMPLETE
13.08.2019 18:13:17 K: STOP COMPLETE
13.08.2019 18:13:24 W: STOP COMPLETE
13.08.2019 18:27:01 SYSTEM START
13.08.2019 18:27:02 A: START STARTED
13.08.2019 18:27:02 B: START STARTED
13.08.2019 18:27:02 C: START STARTED
13.08.2019 18:27:02 D: START STARTED
13.08.2019 18:27:03 E: START STARTED
13.08.2019 18:27:03 F: START STARTED
13.08.2019 18:27:04 G: START STARTED
13.08.2019 18:27:05 H: START STARTED
13.08.2019 18:27:06 I: START STARTED
13.08.2019 18:27:07 G: START COMPLETE
13.08.2019 18:27:07 J: START STARTED
13.08.2019 18:27:07 K: START STARTED
13.08.2019 18:27:08 L: START STARTED
13.08.2019 18:27:08 M: START STARTED
13.08.2019 18:27:09 N: START STARTED
13.08.2019 18:27:09 O: START STARTED
13.08.2019 18:27:10 P: START STARTED
13.08.2019 18:27:11 Q: START STARTED
13.08.2019 18:27:12 R: START STARTED
13.08.2019 18:27:13 S: START STARTED
13.08.2019 18:27:13 T: START STARTED
13.08.2019 18:27:14 U: START STARTED
13.08.2019 18:27:15 O: START COMPLETE
13.08.2019 18:27:15 V: START STARTED
13.08.2019 18:27:16 H: START COMPLETE
13.08.2019 18:27:16 W: START STARTED
13.08.2019 18:27:17 X: START STARTED
13.08.2019 18:27:18 Y: START STARTED
13.08.2019 18:27:18 Z: START STARTED
13.08.2019 18:27:21 X: START COMPLETE
13.08.2019 18:27:25 Y: START COMPLETE
13.08.2019 18:27:33 A: START COMPLETE
13.08.2019 18:27:33 U: START COMPLETE
13.08.2019 18:27:37 J: START COMPLETE
13.08.2019 18:27:42 R: START COMPLETE
13.08.2019 18:27:45 B: START COMPLETE
13.08.2019 18:27:45 F: START COMPLETE
13.08.2019 18:27:47 E: START COMPLETE
13.08.2019 18:27:48 L: START COMPLETE
13.08.2019 18:27:49 Z: START COMPLETE
13.08.2019 18:27:51 S: START COMPLETE
13.08.2019 18:27:52 K: START COMPLETE
13.08.2019 18:27:54 T: START COMPLETE
13.08.2019 18:27:55 D: START COMPLETE
13.08.2019 18:27:55 M: START COMPLETE
13.08.2019 18:27:58 N: START COMPLETE
13.08.2019 18:27:59 C: START COMPLETE
13.08.2019 18:28:01 W: START COMPLETE
13.08.2019 18:28:03 I: START COMPLETE
13.08.2019 18:28:06 V: START COMPLETE
13.08.2019 19:56:18 A: STOP STARTED
13.08.2019 19:56:19 C: STOP STARTED
13.08.2019 19:56:20 D: STOP STARTED
13.08.2019 19:56:21 E: STOP STARTED
13.08.2019 19:56:21 F: STOP STARTED
13.08.2019 19:56:21 G: STOP STARTED
13.08.2019 19:56:22 H: STOP STARTED
13.08.2019 19:56:23 I: STOP STARTED
13.08.2019 19:56:23 J: STOP STARTED
13.08.2019 19:56:24 K: STOP STARTED
13.08.2019 19:56:25 H: STOP COMPLETE
13.08.2019 19:56:25 L: STOP STARTED
13.08.2019 19:56:26 M: STOP STARTED
13.08.2019 19:56:27 N: STOP STARTED
13.08.2019 19:56:28 O: STOP STARTED
13.08.2019 19:56:28 R: STOP STARTED
13.08.2019 19:56:29 S: STOP STARTED
13.08.2019 19:56:29 T: STOP STARTED
13.08.2019 19:56:29 U: STOP STARTED
13.08.2019 19:56:30 V: STOP STARTED
13.08.2019 19:56:31 W: STOP STARTED
13.08.2019 19:56:31 X: STOP STARTED
13.08.2019 19:56:32 Y: STOP STARTED
13.08.2019 19:56:32 Z: STOP STARTED
13.08.2019 19:56:34 Y: STOP COMPLETE
13.08.2019 19:56:35 I: STOP COMPLETE
13.08.2019 19:56:42 O: STOP COMPLETE
13.08.2019 19:56:43 Z: STOP COMPLETE
13.08.2019 19:56:44 E: STOP COMPLETE
13.08.2019 19:56:44 M: STOP COMPLETE
13.08.2019 19:56:44 R: STOP COMPLETE
13.08.2019 19:56:48 J: STOP COMPLETE
13.08.2019 19:56:51 C: STOP COMPLETE
13.08.2019 19:56:54 W: STOP COMPLETE
13.08.2019 19:56:55 F: STOP COMPLETE
13.08.2019 19:56:57 G: STOP COMPLETE
13.08.2019 19:56:59 X: STOP COMPLETE
13.08.2019 19:57:06 V: STOP COMPLETE
13.08.2019 19:57:07 A: STOP COMPLETE
13.08.2019 19:57:08 S: STOP COMPLETE
13.08.2019 19:57:10 L: STOP COMPLETE
13.08.2019 19:57:19 D: STOP COMPLETE
13.08.2019 19:57:21 U: STOP COMPLETE
13.08.2019 19:57:23 K: STOP COMPLETE
13.08.2019 19:57:24 N: STOP COMPLETE
13.08.2019 20:04:41 SYSTEM START
13.08.2019 20:04:41 A: START STARTED
13.08.2019 20:04:42 B: START STARTED
13.08.2019 20:04:43 C: START STARTED
13.08.2019 20:04:43 D: START STARTED
13.08.2019 20:04:44 E: START STARTED
13.08.2019 20:04:44 F: START STARTED
13.08.2019 20:04:45 G: START STARTED
13.08.2019 20:04:45 H: START STARTED
13.08.2019 20:04:46 H: START COMPLETE
13.08.2019 20:04:46 I: START STARTED
13.08.2019 20:04:47 J: START STARTED
13.08.2019 20:04:48 K: START STARTED
13.08.2019 20:04:49 A: START COMPLETE
13.08.2019 20:04:49 L: START STARTED
13.08.2019 20:04:49 M: START STARTED
13.08.2019 20:04:50 N: START STARTED
13.08.2019 20:04:51 O: START STARTED
13.08.2019 20:04:51 P: START STARTED
13.08.2019 20:04:52 Q: START STARTED
13.08.2019 20:04:53 R: START STARTED
13.08.2019 20:04:53 S: START STARTED
13.08.2019 20:04:54 T: START STARTED
13.08.2019 20:04:55 U: START STARTED
13.08.2019 20:04:55 V: START STARTED
13.08.2019 20:04:56 W: START STARTED
13.08.2019 20:04:56 X: START STARTED
13.08.2019 20:04:57 J: START COMPLETE
13.08.2019 20:04:57 P: START COMPLETE
13.08.2019 20:04:57 Y: START STARTED
13.08.2019 20:04:58 Z: START STARTED
13.08.2019 20:05:04 C: START COMPLETE
13.08.2019 20:05:04 W: START COMPLETE
13.08.2019 20:05:06 Y: START COMPLETE
13.08.2019 20:05:10 M: START COMPLETE
13.08.2019 20:05:10 Z: START COMPLETE
13.08.2019 20:05:13 D: START COMPLETE
13.08.2019 20:05:13 U: START COMPLETE
13.08.2019 20:05:16 F: START COMPLETE
13.08.2019 20:05:18 Q: START COMPLETE
13.08.2019 20:05:18 V: START COMPLETE
13.08.2019 20:05:19 S: START COMPLETE
13.08.2019 20:05:25 N: START COMPLETE
13.08.2019 20:05:25 O: START COMPLETE
13.08.2019 20:05:26 K: START COMPLETE
13.08.2019 20:05:32 B: START COMPLETE
13.08.2019 20:05:32 G: START COMPLETE
13.08.2019 20:05:33 E: START COMPLETE
13.08.2019 20:05:33 I: START COMPLETE
13.08.2019 20:05:34 X: START COMPLETE
13.08.2019 20:05:42 R: START COMPLETE
13.08.2019 20:05:45 L: START COMPLETE
13.08.2019 20:05:54 T: START COMPLETE
13.08.2019 20:07:25 A: STOP STARTED
13.08.2019 20:07:26 B: STOP STARTED
13.08.2019 20:07:26 C: STOP STARTED
13.08.2019 20:07:27 D: STOP STARTED
13.08.2019 20:07:28 E: STOP STARTED
13.08.2019 20:07:28 F: STOP STARTED
13.08.2019 20:07:29 G: STOP STARTED
13.08.2019 20:07:30 H: STOP STARTED
13.08.2019 20:07:31 I: STOP STARTED
13.08.2019 20:07:31 J: STOP STARTED
13.08.2019 20:07:32 K: STOP STARTED
13.08.2019 20:07:32 L: STOP STARTED
13.08.2019 20:07:33 M: STOP STARTED
13.08.2019 20:07:34 N: STOP STARTED
13.08.2019 20:07:34 O: STOP STARTED
13.08.2019 20:07:34 P: STOP STARTED
13.08.2019 20:07:34 Q: STOP STARTED
13.08.2019 20:07:35 R: STOP STARTED
13.08.2019 20:07:35 S: STOP STARTED
13.08.2019 20:07:35 T: STOP STARTED
13.08.2019 20:07:35 V: STOP STARTED
13.08.2019 20:07:36 B: STOP COMPLETE
13.08.2019 20:07:36 W: STOP STARTED
13.08.2019 20:07:37 X: STOP STARTED
13.08.2019 20:07:38 L: STOP COMPLETE
13.08.2019 20:07:38 Y: STOP STARTED
13.08.2019 20:07:39 Z: STOP STARTED
13.08.2019 20:07:41 C: STOP COMPLETE
13.08.2019 20:07:44 P: STOP COMPLETE
13.08.2019 20:07:47 J: STOP COMPLETE
13.08.2019 20:07:47 Z: STOP COMPLETE
13.08.2019 20:07:49 A: STOP COMPLETE
13.08.2019 20:07:49 W: STOP COMPLETE
13.08.2019 20:07:51 I: STOP COMPLETE
13.08.2019 20:07:52 G: STOP COMPLETE
13.08.2019 20:07:53 K: STOP COMPLETE
13.08.2019 20:07:53 S: STOP COMPLETE
13.08.2019 20:07:53 Y: STOP COMPLETE
13.08.2019 20:07:55 R: STOP COMPLETE
13.08.2019 20:07:56 Q: STOP COMPLETE
13.08.2019 20:08:01 O: STOP COMPLETE
13.08.2019 20:08:01 V: STOP COMPLETE
13.08.2019 20:08:02 D: STOP COMPLETE
13.08.2019 20:08:02 M: STOP COMPLETE
13.08.2019 20:08:05 E: STOP COMPLETE
13.08.2019 20:08:06 T: STOP COMPLETE
13.08.2019 20:08:10 H: STOP COMPLETE
13.08.2019 20:08:15 X: STOP COMPLETE
13.08.2019 20:08:22 N: STOP COMPLETE
13.08.2019 20:08:27 F: STOP COMPLETE
13.08.2019 20:09:05 SYSTEM START
13.08.2019 20:09:05 A: START STARTED
13.08.2019 20:09:05 B: START STARTED
13.08.2019 20:09:06 C: START STARTED
13.08.2019 20:09:06 D: START STARTED
13.08.2019 20:09:06 E: START STARTED
13.08.2019 20:09:06 F: START STARTED
13.08.2019 20:09:06 G: START STARTED
13.08.2019 20:09:07 H: START STARTED
13.08.2019 20:09:08 I: START STARTED
13.08.2019 20:09:08 J: START STARTED
13.08.2019 20:09:08 K: START STARTED
13.08.2019 20:09:08 L: START STARTED
13.08.2019 20:09:08 M: START STARTED
13.08.2019 20:09:08 N: START STARTED
13.08.2019 20:09:08 O: START STARTED
13.08.2019 20:09:09 P: START STARTED
13.08.2019 20:09:09 Q: START STARTED
13.08.2019 20:09:10 R: START STARTED
13.08.2019 20:09:11 S: START STARTED
13.08.2019 20:09:12 T: START STARTED
13.08.2019 20:09:13 U: START STARTED
13.08.2019 20:09:14 V: START STARTED
13.08.2019 20:09:14 W: START STARTED
13.08.2019 20:09:15 X: START STARTED
13.08.2019 20:09:16 Y: START STARTED
13.08.2019 20:09:16 Z: START STARTED
13.08.2019 20:09:17 F: START COMPLETE
13.08.2019 20:09:19 W: START COMPLETE
13.08.2019 20:09:20 I: START COMPLETE
13.08.2019 20:09:23 H: START COMPLETE
13.08.2019 20:09:27 N: START COMPLETE
13.08.2019 20:09:29 Q: START COMPLETE
13.08.2019 20:09:30 A: START COMPLETE
13.08.2019 20:09:30 U: START COMPLETE
13.08.2019 20:09:31 P: START COMPLETE
13.08.2019 20:09:34 O: START COMPLETE
13.08.2019 20:09:34 X: START COMPLETE
13.08.2019 20:09:35 J: START COMPLETE
13.08.2019 20:09:37 T: START COMPLETE
13.08.2019 20:09:41 L: START COMPLETE
13.08.2019 20:09:44 R: START COMPLETE
13.08.2019 20:09:46 C: START COMPLETE
13.08.2019 20:09:48 D: START COMPLETE
13.08.2019 20:09:52 S: START COMPLETE
13.08.2019 20:09:53 V: START COMPLETE
13.08.2019 20:09:55 K: START COMPLETE
13.08.2019 20:10:01 E: START COMPLETE
13.08.2019 20:10:02 B: START COMPLETE
13.08.2019 20:10:04 M: START COMPLETE
13.08.2019 20:10:06 G: START COMPLETE
13.08.2019 20:10:12 Z: START COMPLETE
13.08.2019 21:55:50 A: STOP STARTED
13.08.2019 21:55:50 B: STOP STARTED
13.08.2019 21:55:51 C: STOP STARTED
13.08.2019 21:55:51 D: STOP STARTED
13.08.2019 21:55:51 E: STOP STARTED
13.08.2019 21:55:52 F: STOP STARTED
13.08.2019 21:55:52 G: STOP STARTED
13.08.2019 21:55:52 H: STOP STARTED
13.08.2019 21:55:53 I: STOP STARTED
13.08.2019 21:55:54 J: STOP STARTED
13.08.2019 21:55:54 K: STOP STARTED
13.08.2019 21:55:54 L: STOP STARTED
13.08.2019 21:55:54 M: STOP STARTED
13.08.2019 21:55:54 N: STOP STARTED
13.08.2019 21:55:54 O: STOP STARTED
13.08.2019 21:55:55 P: STOP STARTED
13.08.2019 21:55:56 Q: STOP STARTED
13.08.2019 21:55:57 R: STOP STARTED
13.08.2019 21:55:57 S: STOP STARTED
13.08.2019 21:55:58 T: STOP STARTED
13.08.2019 21:55:59 J: STOP COMPLETE
13.08.2019 21:55:59 U: STOP STARTED
13.08.2019 21:55:59 V: STOP STARTED
13.08.2019 21:56:00 W: STOP STARTED
13.08.2019 21:56:00 X: STOP STARTED
13.08.2019 21:56:00 Z: STOP STARTED
13.08.2019 21:56:01 Q: STOP COMPLETE
13.08.2019 21:56:02 S: STOP COMPLETE
13.08.2019 21:56:11 I: STOP COMPLETE
13.08.2019 21:56:16 W: STOP COMPLETE
13.08.2019 21:56:17 U: STOP COMPLETE
13.08.2019 21:56:19 E: STOP COMPLETE
13.08.2019 21:56:19 T: STOP COMPLETE
13.08.2019 21:56:24 Z: STOP COMPLETE
13.08.2019 21:56:28 L: STOP COMPLETE
13.08.2019 21:56:30 N: STOP COMPLETE
13.08.2019 21:56:30 R: STOP COMPLETE
13.08.2019 21:56:32 K: STOP COMPLETE
13.08.2019 21:56:32 V: STOP COMPLETE
13.08.2019 21:56:34 A: STOP COMPLETE
13.08.2019 21:56:35 B: STOP COMPLETE
13.08.2019 21:56:39 D: STOP COMPLETE
13.08.2019 21:56:40 C: STOP COMPLETE
13.08.2019 21:56:40 P: STOP COMPLETE
13.08.2019 21:56:45 F: STOP COMPLETE
13.08.2019 21:56:49 M: STOP COMPLETE
13.08.2019 21:56:50 O: STOP COMPLETE
13.08.2019 21:56:51 G: STOP COMPLETE
13.08.2019 21:57:00 X: STOP COMPLETE
13.08.2019 22:08:22 SYSTEM START
13.08.2019 22:08:22 A: START STARTED
13.08.2019 22:08:23 B: START STARTED
13.08.2019 22:08:23 C: START STARTED
13.08.2019 22:08:23 D: START STARTED
13.08.2019 22:08:24 E: START STARTED
13.08.2019 22:08:25 F: START STARTED
13.08.2019 22:08:25 G: START STARTED
13.08.2019 22:08:25 H: START STARTED
13.08.2019 22:08:25 I: START STARTED
13.08.2019 22:08:25 J: START STARTED
13.08.2019 22:08:25 K: START STARTED
13.08.2019 22:08:25 L: START STARTED
13.08.2019 22:08:26 M: START STARTED
13.08.2019 22:08:27 N: START STARTED
13.08.2019 22:08:27 O: START STARTED
13.08.2019 22:08:28 P: START STARTED
13.08.2019 22:08:28 Q: START STARTED
13.08.2019 22:08:28 R: START STARTED
13.08.2019 22:08:29 S: START STARTED
13.08.2019 22:08:30 T: START STARTED
13.08.2019 22:08:31 U: START STARTED
13.08.2019 22:08:32 C: START COMPLETE
13.08.2019 22:08:32 V: START STARTED
13.08.2019 22:08:33 W: START STARTED
13.08.2019 22:08:34 X: START STARTED
13.08.2019 22:08:35 J: START COMPLETE
13.08.2019 22:08:35 Y: START STARTED
13.08.2019 22:08:36 E: START COMPLETE
13.08.2019 22:08:36 Z: START STARTED
13.08.2019 22:08:42 Z: START COMPLETE
13.08.2019 22:08:43 F: START COMPLETE
13.08.2019 22:08:47 R: START COMPLETE
13.08.2019 22:08:52 K: START COMPLETE
13.08.2019 22:08:55 S: START COMPLETE
13.08.2019 22:08:56 G: START COMPLETE
13.08.2019 22:09:00 L: START COMPLETE
13.08.2019 22:09:04 H: START COMPLETE
13.08.2019 22:09:05 B: START COMPLETE
13.08.2019 22:09:09 V: START COMPLETE
13.08.2019 22:09:10 M: START COMPLETE
13.08.2019 22:09:10 X: START COMPLETE
13.08.2019 22:09:11 A: START COMPLETE
13.08.2019 22:09:11 N: START COMPLETE
13.08.2019 22:09:20 D: START COMPLETE
13.08.2019 22:09:20 Q: START COMPLETE
13.08.2019 22:09:20 W: START COMPLETE
13.08.2019 22:09:21 I: START COMPLETE
13.08.2019 22:09:21 U: START COMPLETE
13.08.2019 22:09:23 T: START COMPLETE
13.08.2019 22:09:28 P: START COMPLETE
13.08.2019 22:09:33 Y: START COMPLETE
13.08.2019 22:47:05 B: STOP STARTED
13.08.2019 22:47:05 C: STOP STARTED
13.08.2019 22:47:05 D: STOP STARTED
13.08.2019 22:47:05 E: STOP STARTED
13.08.2019 22:47:06 F: STOP STARTED
13.08.2019 22:47:07 G: STOP STARTED
13.08.2019 22:47:08 H: STOP STARTED
13.08.2019 22:47:09 I: STOP STARTED
13.08.2019 22:47:10 J: STOP STARTED
13.08.2019 22:47:10 K: STOP STARTED
13.08.2019 22:47:11 L: STOP STARTED
13.08.2019 22:47:12 I: STOP COMPLETE
13.08.2019 22:47:12 M: STOP STARTED
13.08.2019 22:47:12 N: STOP STARTED
13.08.2019 22:47:12 P: STOP STARTED
13.08.2019 22:47:12 Q: STOP STARTED
13.08.2019 22:47:12 R: STOP STARTED
13.08.2019 22:47:13 M: STOP COMPLETE
13.08.2019 22:47:13 S: STOP STARTED
13.08.2019 22:47:14 T: STOP STARTED
13.08.2019 22:47:15 U: STOP STARTED
13.08.2019 22:47:16 V: STOP STARTED
13.08.2019 22:47:17 V: STOP COMPLETE
13.08.2019 22:47:17 W: STOP STARTED
13.08.2019 22:47:17 X: STOP STARTED
13.08.2019 22:47:17 Y: STOP STARTED
13.08.2019 22:47:17 Z: STOP STARTED
13.08.2019 22:47:21 K: STOP COMPLETE
13.08.2019 22:47:23 X: STOP COMPLETE
13.08.2019 22:47:26 B: STOP COMPLETE
13.08.2019 22:47:26 S: STOP COMPLETE
13.08.2019 22:47:27 L: STOP COMPLETE
13.08.2019 22:47:30 R: STOP COMPLETE
13.08.2019 22:47:31 F: STOP COMPLETE
13.08.2019 22:47:33 W: STOP COMPLETE
13.08.2019 22:47:35 P: STOP COMPLETE
13.08.2019 22:47:38 N: STOP COMPLETE
13.08.2019 22:47:39 C: STOP COMPLETE
13.08.2019 22:47:40 G: STOP COMPLETE
13.08.2019 22:47:40 U: STOP COMPLETE
13.08.2019 22:47:44 T: STOP COMPLETE
13.08.2019 22:47:45 Z: STOP COMPLETE
13.08.2019 22:47:49 H: STOP COMPLETE
13.08.2019 22:47:52 Y: STOP COMPLETE
13.08.2019 22:47:57 D: STOP COMPLETE
13.08.2019 22:48:01 E: STOP COMPLETE
13.08.2019 22:48:04 Q: STOP COMPLETE
13.08.2019 22:48:07 J: STOP COMPLETE
13.08.2019 22:49:30 SYSTEM START
13.08.2019 22:49:31 A: START STARTED
13.08.2019 22:49:32 B: START STARTED
13.08.2019 22:49:32 C: START STARTED
13.08.2019 22:49:32 D: START STARTED
13.08.2019 22:49:32 E: START STARTED
13.08.2019 22:49:32 F: START STARTED
13.08.2019 22:49:33 G: START STARTED
13.08.2019 22:49:33 H: START STARTED
13.08.2019 22:49:33 I: START STARTED
13.08.2019 22:49:33 J: START STARTED
13.08.2019 22:49:34 K: START STARTED
13.08.2019 22:49:35 L: START STARTED
13.08.2019 22:49:36 H: START COMPLETE
13.08.2019 22:49:36 M: START STARTED
13.08.2019 22:49:37 N: START STARTED
13.08.2019 22:49:38 O: START STARTED
13.08.2019 22:49:39 P: START STARTED
13.08.2019 22:49:40 Q: START STARTED
13.08.2019 22:49:41 R: START STARTED
13.08.2019 22:49:41 S: START STARTED
13.08.2019 22:49:41 T: START STARTED
13.08.2019 22:49:42 I: START COMPLETE
13.08.2019 22:49:42 U: START STARTED
13.08.2019 22:49:42 V: START STARTED
13.08.2019 22:49:42 W: START STARTED
13.08.2019 22:49:43 A: START COMPLETE
13.08.2019 22:49:43 R: START COMPLETE
13.08.2019 22:49:43 X: START STARTED
13.08.2019 22:49:43 Y: START STARTED
13.08.2019 22:49:44 O: START COMPLETE
13.08.2019 22:49:44 Z: START STARTED
13.08.2019 22:49:45 T: START COMPLETE
13.08.2019 22:49:46 G: START COMPLETE
13.08.2019 22:49:49 B: START COMPLETE
13.08.2019 22:49:49 E: START COMPLETE
13.08.2019 22:49:50 W: START COMPLETE
13.08.2019 22:49:52 Y: START COMPLETE
13.08.2019 22:49:55 K: START COMPLETE
13.08.2019 22:49:55 M: START COMPLETE
13.08.2019 22:49:56 L: START COMPLETE
13.08.2019 22:49:57 U: START COMPLETE
13.08.2019 22:50:01 C: START COMPLETE
13.08.2019 22:50:02 D: START COMPLETE
13.08.2019 22:50:06 S: START COMPLETE
13.08.2019 22:50:08 Z: START COMPLETE
13.08.2019 22:50:09 Q: START COMPLETE
13.08.2019 22:50:15 N: START COMPLETE
13.08.2019 22:50:16 J: START COMPLETE
13.08.2019 22:50:17 F: START COMPLETE
13.08.2019 22:50:20 X: START COMPLETE
13.08.2019 22:50:26 V: START COMPLETE
13.08.2019 22:50:27 P: START COMPLETE
14.08.2019 01:01:17 A: STOP STARTED
14.08.2019 01:01:17 B: STOP STARTED
14.08.2019 01:01:17 C: STOP STARTED
14.08.2019 01:01:17 D: STOP STARTED
14.08.2019 01:01:17 E: STOP STARTED
14.08.2019 01:01:17 F: STOP STARTED
14.08.2019 01:01:17 G: STOP STARTED
14.08.2019 01:01:18 H: STOP STARTED
14.08.2019 01:01:19 I: STOP STARTED
14.08.2019 01:01:20 J: STOP STARTED
14.08.2019 01:01:20 K: STOP STARTED
14.08.2019 01:01:20 L: STOP STARTED
14.08.2019 01:01:21 M: STOP STARTED
14.08.2019 01:01:21 N: STOP STARTED
14.08.2019 01:01:21 O: STOP STARTED
14.08.2019 01:01:21 P: STOP STARTED
14.08.2019 01:01:21 Q: STOP STARTED
14.08.2019 01:01:21 R: STOP STARTED
14.08.2019 01:01:21 T: STOP STARTED
14.08.2019 01:01:21 U: STOP STARTED
14.08.2019 01:01:22 H: STOP COMPLETE
14.08.2019 01:01:22 K: STOP COMPLETE
14.08.2019 01:01:22 V: STOP STARTED
14.08.2019 01:01:23 W: STOP STARTED
14.08.2019 01:01:24 X: STOP STARTED
14.08.2019 01:01:25 Y: STOP STARTED
14.08.2019 01:01:26 T: STOP COMPLETE
14.08.2019 01:01:26 Z: STOP STARTED
14.08.2019 01:01:27 L: STOP COMPLETE
14.08.2019 01:01:33 N: STOP COMPLETE
14.08.2019 01:01:35 E: STOP COMPLETE
14.08.2019 01:01:36 Z: STOP COMPLETE
14.08.2019 01:01:39 F: STOP COMPLETE
14.08.2019 01:01:46 G: STOP COMPLETE
14.08.2019 01:01:49 C: STOP COMPLETE
14.08.2019 01:01:49 X: STOP COMPLETE
14.08.2019 01:01:50 W: STOP COMPLETE
14.08.2019 01:01:56 D: STOP COMPLETE
14.08.2019 01:01:57 I: STOP COMPLETE
14.08.2019 01:02:00 M: STOP COMPLETE
14.08.2019 01:02:03 A: STOP COMPLETE
14.08.2019 01:02:05 R: STOP COMPLETE
14.08.2019 01:02:07 Q: STOP COMPLETE
14.08.2019 01:02:09 O: STOP COMPLETE
14.08.2019 01:02:10 V: STOP COMPLETE
14.08.2019 01:02:10 Y: STOP COMPLETE
14.08.2019 01:02:12 B: STOP COMPLETE
14.08.2019 01:02:13 U: STOP COMPLETE
14.08.2019 01:02:21 P: STOP COMPLETE
14.08.2019 01:05:58 SYSTEM START
14.08.2019 01:05:58 A: START STARTED
14.08.2019 01:05:59 B: START STARTED
14.08.2019 01:06:00 C: START STARTED
14.08.2019 01:06:01 D: START STARTED
14.08.2019 01:06:02 E: START STARTED
14.08.2019 01:06:02 F: START STARTED
14.08.2019 01:06:02 G: START STARTED
14.08.2019 01:06:02 H: START STARTED
14.08.2019 01:06:02 I: START STARTED
14.08.2019 01:06:02 J: START STARTED
14.08.2019 01:06:02 K: START STARTED
14.08.2019 01:06:02 L: START STARTED
14.08.2019 01:06:02 M: START STARTED
14.08.2019 01:06:03 N: START STARTED
14.08.2019 01:06:04 O: START STARTED
14.08.2019 01:06:05 B: START COMPLETE
14.08.2019 01:06:05 P: START STARTED
14.08.2019 01:06:05 Q: START STARTED
14.08.2019 01:06:06 R: START STARTED
14.08.2019 01:06:06 S: START STARTED
14.08.2019 01:06:06 T: START STARTED
14.08.2019 01:06:06 U: START STARTED
14.08.2019 01:06:07 V: START STARTED
14.08.2019 01:06:08 K: START COMPLETE
14.08.2019 01:06:08 W: START STARTED
14.08.2019 01:06:08 X: START STARTED
14.08.2019 01:06:08 Y: START STARTED
14.08.2019 01:06:09 G: START COMPLETE
14.08.2019 01:06:09 Z: START STARTED
14.08.2019 01:06:14 D: START COMPLETE
14.08.2019 01:06:14 I: START COMPLETE
14.08.2019 01:06:17 Q: START COMPLETE
14.08.2019 01:06:17 T: START COMPLETE
14.08.2019 01:06:17 U: START COMPLETE
14.08.2019 01:06:17 Y: START COMPLETE
14.08.2019 01:06:18 A: START COMPLETE
14.08.2019 01:06:18 H: START COMPLETE
14.08.2019 01:06:27 J: START COMPLETE
14.08.2019 01:06:28 X: START COMPLETE
14.08.2019 01:06:29 W: START COMPLETE
14.08.2019 01:06:30 E: START COMPLETE
14.08.2019 01:06:30 Z: START COMPLETE
14.08.2019 01:06:34 F: START COMPLETE
14.08.2019 01:06:36 V: START COMPLETE
14.08.2019 01:06:40 M: START COMPLETE
14.08.2019 01:06:48 O: START COMPLETE
14.08.2019 01:06:52 L: START COMPLETE
14.08.2019 01:06:55 N: START COMPLETE
14.08.2019 01:06:55 S: START COMPLETE
14.08.2019 01:06:56 C: START COMPLETE
14.08.2019 01:07:04 P: START COMPLETE
14.08.2019 01:07:06 R: START COMPLETE
14.08.2019 02:51:25 A: STOP STARTED
14.08.2019 02:51:26 B: STOP STARTED
14.08.2019 02:51:27 C: STOP STARTED
14.08.2019 02:51:28 A: STOP COMPLETE
14.08.2019 02:51:28 D: STOP STARTED
14.08.2019 02:51:29 D: STOP COMPLETE
14.08.2019 02:51:29 E: STOP STARTED
14.08.2019 02:51:29 F: STOP STARTED
14.08.2019 02:51:30 G: STOP STARTED
14.08.2019 02:51:30 H: STOP STARTED
14.08.2019 02:51:31 I: STOP STARTED
14.08.2019 02:51:32 I: STOP COMPLETE
14.08.2019 02:51:32 J: STOP STARTED
14.08.2019 02:51:32 K: STOP STARTED
14.08.2019 02:51:33 L: STOP STARTED
14.08.2019 02:51:33 M: STOP STARTED
14.08.2019 02:51:34 N: STOP STARTED
14.08.2019 02:51:35 O: STOP STARTED
14.08.2019 02:51:36 P: STOP STARTED
14.08.2019 02:51:36 Q: STOP STARTED
14.08.2019 02:51:36 R: STOP STARTED
14.08.2019 02:51:36 S: STOP STARTED
14.08.2019 02:51:36 T: STOP STARTED
14.08.2019 02:51:36 U: STOP STARTED
14.08.2019 02:51:37 V: STOP STARTED
14.08.2019 02:51:37 W: STOP STARTED
14.08.2019 02:51:38 X: STOP STARTED
14.08.2019 02:51:38 Y: STOP STARTED
14.08.2019 02:51:38 Z: STOP STARTED
14.08.2019 02:51:40 B: STOP COMPLETE
14.08.2019 02:51:41 N: STOP COMPLETE
14.08.2019 02:51:41 W: STOP COMPLETE
14.08.2019 02:51:42 E: STOP COMPLETE
14.08.2019 02:51:46 X: STOP COMPLETE
14.08.2019 02:51:48 F: STOP COMPLETE
14.08.2019 02:51:49 M: STOP COMPLETE
14.08.2019 02:51:53 Y: STOP COMPLETE
14.08.2019 02:51:59 T: STOP COMPLETE
14.08.2019 02:52:05 J: STOP COMPLETE
14.08.2019 02:52:08 K: STOP COMPLETE
14.08.2019 02:52:12 H: STOP COMPLETE
14.08.2019 02:52:13 Z: STOP COMPLETE
14.08.2019 02:52:15 C: STOP COMPLETE
14.08.2019 02:52:15 V: STOP COMPLETE
14.08.2019 02:52:17 O: STOP COMPLETE
14.08.2019 02:52:19 G: STOP COMPLETE
14.08.2019 02:52:21 L: STOP COMPLETE
14.08.2019 02:52:21 S: STOP COMPLETE
14.08.2019 02:52:25 P: STOP COMPLETE
14.08.2019 02:52:28 Q: STOP COMPLETE
14.08.2019 02:52:36 U: STOP COMPLETE
14.08.2019 03:07:46 SYSTEM START
14.08.2019 03:07:46 A: START STARTED
14.08.2019 03:07:46 B: START STARTED
14.08.2019 03:07:47 C: START STARTED
14.08.2019 03:07:47 D: START STARTED
14.08.2019 03:07:48 E: START STARTED
14.08.2019 03:07:48 F: START STARTED
14.08.2019 03:07:48 G: START STARTED
14.08.2019 03:07:48 H: START STARTED
14.08.2019 03:07:48 I: START STARTED
14.08.2019 03:07:48 J: START STARTED
14.08.2019 03:07:48 K: START STARTED
14.08.2019 03:07:49 L: START STARTED
14.08.2019 03:07:49 M: START STARTED
14.08.2019 03:07:49 N: START STARTED
14.08.2019 03:07:50 G: START COMPLETE
14.08.2019 03:07:50 O: START STARTED
14.08.2019 03:07:50 P: START STARTED
14.08.2019 03:07:50 Q: START STARTED
14.08.2019 03:07:50 R: START STARTED
14.08.2019 03:07:51 S: START STARTED
14.08.2019 03:07:51 T: START STARTED
14.08.2019 03:07:51 U: START STARTED
14.08.2019 03:07:51 V: START STARTED
14.08.2019 03:07:52 W: START STARTED
14.08.2019 03:07:53 X: START STARTED
14.08.2019 03:07:53 Y: START STARTED
14.08.2019 03:07:53 Z: START STARTED
14.08.2019 03:08:00 S: START COMPLETE
14.08.2019 03:08:00 U: START COMPLETE
14.08.2019 03:08:00 Y: START COMPLETE
14.08.2019 03:08:02 V: START COMPLETE
14.08.2019 03:08:05 Z: START COMPLETE
14.08.2019 03:08:06 I: START COMPLETE
14.08.2019 03:08:07 R: START COMPLETE
14.08.2019 03:08:09 D: START COMPLETE
14.08.2019 03:08:10 P: START COMPLETE
14.08.2019 03:08:18 C: START COMPLETE
14.08.2019 03:08:18 E: START COMPLETE
14.08.2019 03:08:18 Q: START COMPLETE
14.08.2019 03:08:21 B: START COMPLETE
14.08.2019 03:08:25 X: START COMPLETE
14.08.2019 03:08:26 F: START COMPLETE
14.08.2019 03:08:28 H: START COMPLETE
14.08.2019 03:08:28 K: START COMPLETE
14.08.2019 03:08:33 O: START COMPLETE
14.08.2019 03:08:38 J: START COMPLETE
14.08.2019 03:08:38 M: START COMPLETE
14.08.2019 03:08:38 T: START COMPLETE
14.08.2019 03:08:40 N: START COMPLETE
14.08.2019 03:08:42 A: START COMPLETE
14.08.2019 03:08:43 L: START COMPLETE
14.08.2019 03:08:49 W: START COMPLETE
14.08.2019 04:48:55 A: STOP STARTED
14.08.2019 04:48:55 B: STOP STARTED
14.08.2019 04:48:55 C: STOP STARTED
14.08.2019 04:48:55 D: STOP STARTED
14.08.2019 04:48:55 E: STOP STARTED
14.08.2019 04:48:56 F: STOP STARTED
14.08.2019 04:48:57 F: STOP COMPLETE
14.08.2019 04:48:57 G: STOP STARTED
14.08.2019 04:48:58 H: STOP STARTED
14.08.2019 04:48:59 I: STOP STARTED
14.08.2019 04:49:00 J: STOP STARTED
14.08.2019 04:49:01 C: STOP COMPLETE
14.08.2019 04:49:01 K: STOP STARTED
14.08.2019 04:49:02 L: STOP STARTED
14.08.2019 04:49:03 M: STOP STARTED
14.08.2019 04:49:03 N: STOP STARTED
14.08.2019 04:49:04 O: STOP STARTED
14.08.2019 04:49:04 P: STOP STARTED
14.08.2019 04:49:04 Q: STOP STARTED
14.08.2019 04:49:04 R: STOP STARTED
14.08.2019 04:49:04 S: STOP STARTED
14.08.2019 04:49:04 T: STOP STARTED
14.08.2019 04:49:05 U: STOP STARTED
14.08.2019 04:49:05 V: STOP STARTED
14.08.2019 04:49:06 W: STOP STARTED
14.08.2019 04:49:06 X: STOP STARTED
14.08.2019 04:49:06 Y: STOP STARTED
14.08.2019 04:49:06 Z: STOP STARTED
14.08.2019 04:49:11 D: STOP COMPLETE
14.08.2019 04:49:13 E: STOP COMPLETE
14.08.2019 04:49:16 V: STOP COMPLETE
14.08.2019 04:49:17 U: STOP COMPLETE
14.08.2019 04:49:17 Z: STOP COMPLETE
14.08.2019 04:49:20 Y: STOP COMPLETE
14.08.2019 04:49:25 G: STOP COMPLETE
14.08.2019 04:49:25 W: STOP COMPLETE
14.08.2019 04:49:28 H: STOP COMPLETE
14.08.2019 04:49:31 N: STOP COMPLETE
14.08.2019 04:49:33 L: STOP COMPLETE
14.08.2019 04:49:42 A: STOP COMPLETE
14.08.2019 04:49:45 B: STOP COMPLETE
14.08.2019 04:49:45 K: STOP COMPLETE
14.08.2019 04:49:49 P: STOP COMPLETE
14.08.2019 04:49:49 T: STOP COMPLETE
14.08.2019 04:49:50 S: STOP COMPLETE
14.08.2019 04:49:54 J: STOP COMPLETE
14.08.2019 04:49:56 I: STOP COMPLETE
14.08.2019 04:49:58 R: STOP COMPLETE
14.08.2019 04:49:59 M: STOP COMPLETE
14.08.2019 04:49:59 X: STOP COMPLETE
14.08.2019 04:50:01 Q: STOP COMPLETE
14.08.2019 05:00:42 SYSTEM START
14.08.2019 05:00:43 A: START STARTED
14.08.2019 05:00:43 B: START STARTED
14.08.2019 05:00:44 C: START STARTED
14.08.2019 05:00:45 D: START STARTED
14.08.2019 05:00:46 E: START STARTED
14.08.2019 05:00:46 F: START STARTED
14.08.2019 05:00:47 D: START COMPLETE
14.08.2019 05:00:47 G: START STARTED
14.08.2019 05:00:47 H: START STARTED
14.08.2019 05:00:48 I: START STARTED
14.08.2019 05:00:48 J: START STARTED
14.08.2019 05:00:49 K: START STARTED
14.08.2019 05:00:50 L: START STARTED
14.08.2019 05:00:50 M: START STARTED
14.08.2019 05:00:51 N: START STARTED
14.08.2019 05:00:51 O: START STARTED
14.08.2019 05:00:52 P: START STARTED
14.08.2019 05:00:53 E: START COMPLETE
14.08.2019 05:00:53 Q: START STARTED
14.08.2019 05:00:54 R: START STARTED
14.08.2019 05:00:55 S: START STARTED
14.08.2019 05:00:56 A: START COMPLETE
14.08.2019 05:00:56 T: START STARTED
14.08.2019 05:00:57 U: START STARTED
14.08.2019 05:00:57 V: START STARTED
14.08.2019 05:00:57 W: START STARTED
14.08.2019 05:00:57 X: START STARTED
14.08.2019 05:00:58 Y: START STARTED
14.08.2019 05:00:58 Z: START STARTED
14.08.2019 05:01:00 Y: START COMPLETE
14.08.2019 05:01:03 X: START COMPLETE
14.08.2019 05:01:08 J: START COMPLETE
14.08.2019 05:01:12 M: START COMPLETE
14.08.2019 05:01:16 G: START COMPLETE
14.08.2019 05:01:16 I: START COMPLETE
14.08.2019 05:01:19 H: START COMPLETE
14.08.2019 05:01:21 B: START COMPLETE
14.08.2019 05:01:23 V: START COMPLETE
14.08.2019 05:01:23 Z: START COMPLETE
14.08.2019 05:01:30 S: START COMPLETE
14.08.2019 05:01:30 U: START COMPLETE
14.08.2019 05:01:36 F: START COMPLETE
14.08.2019 05:01:36 P: START COMPLETE
14.08.2019 05:01:36 Q: START COMPLETE
14.08.2019 05:01:37 C: START COMPLETE
14.08.2019 05:01:40 O: START COMPLETE
14.08.2019 05:01:41 K: START COMPLETE
14.08.2019 05:01:46 R: START COMPLETE
14.08.2019 05:01:49 L: START COMPLETE
14.08.2019 05:01:49 N: START COMPLETE
14.08.2019 05:01:51 T: START COMPLETE
14.08.2019 05:01:52 W: START COMPLETE
14.08.2019 05:48:50 A: STOP STARTED
14.08.2019 05:48:50 B: STOP STARTED
14.08.2019 05:48:50 C: STOP STARTED
14.08.2019 05:48:50 D: STOP STARTED
14.08.2019 05:48:50 E: STOP STARTED
14.08.2019 05:48:50 F: STOP STARTED
14.08.2019 05:48:50 G: STOP STARTED
14.08.2019 05:48:51 H: STOP STARTED
14.08.2019 05:48:51 I: STOP STARTED
14.08.2019 05:48:52 J: STOP STARTED
14.08.2019 05:48:53 K: STOP STARTED
14.08.2019 05:48:54 L: STOP STARTED
14.08.2019 05:48:55 M: STOP STARTED
14.08.2019 05:48:56 E: STOP COMPLETE
14.08.2019 05:48:56 N: STOP STARTED
14.08.2019 05:48:57 B: STOP COMPLETE
14.08.2019 05:48:57 O: STOP STARTED
14.08.2019 05:48:58 P: STOP STARTED
14.08.2019 05:48:58 Q: STOP STARTED
14.08.2019 05:48:59 R: STOP STARTED
14.08.2019 05:48:59 S: STOP STARTED
14.08.2019 05:49:00 T: STOP STARTED
14.08.2019 05:49:00 U: STOP STARTED
14.08.2019 05:49:01 N: STOP COMPLETE
14.08.2019 05:49:01 V: STOP STARTED
14.08.2019 05:49:02 W: STOP STARTED
14.08.2019 05:49:02 X: STOP STARTED
14.08.2019 05:49:02 Y: STOP STARTED
14.08.2019 05:49:04 C: STOP COMPLETE
14.08.2019 05:49:04 V: STOP COMPLETE
14.08.2019 05:49:05 D: STOP COMPLETE
14.08.2019 05:49:06 Y: STOP COMPLETE
14.08.2019 05:49:09 T: STOP COMPLETE
14.08.2019 05:49:14 I: STOP COMPLETE
14.08.2019 05:49:15 A: STOP COMPLETE
14.08.2019 05:49:18 O: STOP COMPLETE
14.08.2019 05:49:21 H: STOP COMPLETE
14.08.2019 05:49:26 R: STOP COMPLETE
14.08.2019 05:49:27 J: STOP COMPLETE
14.08.2019 05:49:29 F: STOP COMPLETE
14.08.2019 05:49:30 M: STOP COMPLETE
14.08.2019 05:49:37 Q: STOP COMPLETE
14.08.2019 05:49:39 L: STOP COMPLETE
14.08.2019 05:49:41 P: STOP COMPLETE
14.08.2019 05:49:45 K: STOP COMPLETE
14.08.2019 05:49:54 X: STOP COMPLETE
14.08.2019 05:49:57 U: STOP COMPLETE
14.08.2019 05:49:59 W: STOP COMPLETE
14.08.2019 05:56:48 SYSTEM START
14.08.2019 05:56:49 A: START STARTED
14.08.2019 05:56:50 B: START STARTED
14.08.2019 05:56:51 C: START STARTED
14.08.2019 05:56:52 D: START STARTED
14.08.2019 05:56:52 E: START STARTED
14.08.2019 05:56:53 B: START COMPLETE
14.08.2019 05:56:53 F: START STARTED
14.08.2019 05:56:53 G: START STARTED
14.08.2019 05:56:53 H: START STARTED
14.08.2019 05:56:54 C: START COMPLETE
14.08.2019 05:56:54 I: START STARTED
14.08.2019 05:56:55 J: START STARTED
14.08.2019 05:56:55 K: START STARTED
14.08.2019 05:56:55 L: START STARTED
14.08.2019 05:56:55 M: START STARTED
14.08.2019 05:56:56 N: START STARTED
14.08.2019 05:56:56 O: START STARTED
14.08.2019 05:56:57 P: START STARTED
14.08.2019 05:56:57 Q: START STARTED
14.08.2019 05:56:58 R: START STARTED
14.08.2019 05:56:59 S: START STARTED
14.08.2019 05:56:59 T: START STARTED
14.08.2019 05:56:59 U: START STARTED
14.08.2019 05:57:00 V: START STARTED
14.08.2019 05:57:00 W: START STARTED
14.08.2019 05:57:00 X: START STARTED
14.08.2019 05:57:01 V: START COMPLETE
14.08.2019 05:57:01 Y: START STARTED
14.08.2019 05:57:01 Z: START STARTED
14.08.2019 05:57:02 E: START COMPLETE
14.08.2019 05:57:03 T: START COMPLETE
14.08.2019 05:57:12 I: START COMPLETE
14.08.2019 05:57:12 Q: START COMPLETE
14.08.2019 05:57:14 G: START COMPLETE
14.08.2019 05:57:14 R: START COMPLETE
14.08.2019 05:57:15 O: START COMPLETE
14.08.2019 05:57:17 N: START COMPLETE
14.08.2019 05:57:18 F: START COMPLETE
14.08.2019 05:57:23 U: START COMPLETE
14.08.2019 05:57:25 A: START COMPLETE
14.08.2019 05:57:25 Y: START COMPLETE
14.08.2019 05:57:27 M: START COMPLETE
14.08.2019 05:57:31 W: START COMPLETE
14.08.2019 05:57:34 X: START COMPLETE
14.08.2019 05:57:38 H: START COMPLETE
14.08.2019 05:57:42 D: START COMPLETE
14.08.2019 05:57:43 L: START COMPLETE
14.08.2019 05:57:44 Z: START COMPLETE
14.08.2019 05:57:45 K: START COMPLETE
14.08.2019 05:57:47 J: START COMPLETE
14.08.2019 05:57:47 P: START COMPLETE
14.08.2019 05:57:56 S: START COMPLETE
14.08.2019 08:40:59 A: STOP STARTED
14.08.2019 08:40:59 B: STOP STARTED
14.08.2019 08:41:00 C: STOP STARTED
14.08.2019 08:41:01 D: STOP STARTED
14.08.2019 08:41:01 E: STOP STARTED
14.08.2019 08:41:02 F: STOP STARTED
14.08.2019 08:41:03 G: STOP STARTED
14.08.2019 08:41:04 H: STOP STARTED
14.08.2019 08:41:04 I: STOP STARTED
14.08.2019 08:41:04 J: STOP STARTED
14.08.2019 08:41:05 K: STOP STARTED
14.08.2019 08:41:05 L: STOP STARTED
14.08.2019 08:41:05 M: STOP STARTED
14.08.2019 08:41:05 N: STOP STARTED
14.08.2019 08:41:06 O: STOP STARTED
14.08.2019 08:41:06 P: STOP STARTED
14.08.2019 08:41:06 Q: STOP STARTED
14.08.2019 08:41:07 R: STOP STARTED
14.08.2019 08:41:07 S: STOP STARTED
14.08.2019 08:41:08 T: STOP STARTED
14.08.2019 08:41:08 U: STOP STARTED
14.08.2019 08:41:09 V: STOP STARTED
14.08.2019 08:41:09 W: STOP STARTED
14.08.2019 08:41:09 X: STOP STARTED
14.08.2019 08:41:09 Y: STOP STARTED
14.08.2019 08:41:09 Z: STOP STARTED
14.08.2019 08:41:18 N: STOP COMPLETE
14.08.2019 08:41:18 V: STOP COMPLETE
14.08.2019 08:41:19 B: STOP COMPLETE
14.08.2019 08:41:21 C: STOP COMPLETE
14.08.2019 08:41:26 L: STOP COMPLETE
14.08.2019 08:41:29 A: STOP COMPLETE
14.08.2019 08:41:31 K: STOP COMPLETE
14.08.2019 08:41:31 R: STOP COMPLETE
14.08.2019 08:41:33 P: STOP COMPLETE
14.08.2019 08:41:34 W: STOP COMPLETE
14.08.2019 08:41:37 H: STOP COMPLETE
14.08.2019 08:41:37 J: STOP COMPLETE
14.08.2019 08:41:41 F: STOP COMPLETE
14.08.2019 08:41:43 Q: STOP COMPLETE
14.08.2019 08:41:44 I: STOP COMPLETE
14.08.2019 08:41:44 O: STOP COMPLETE
14.08.2019 08:41:44 T: STOP COMPLETE
14.08.2019 08:41:47 U: STOP COMPLETE
14.08.2019 08:41:51 Z: STOP COMPLETE
14.08.2019 08:41:52 D: STOP COMPLETE
14.08.2019 08:42:00 G: STOP COMPLETE
14.08.2019 08:42:01 M: STOP COMPLETE
14.08.2019 08:42:03 S: STOP COMPLETE
14.08.2019 08:42:04 X: STOP COMPLETE
14.08.2019 08:54:04 SYSTEM START
14.08.2019 08:54:05 A: START STARTED
14.08.2019 08:54:05 B: START STARTED